2024/07/04 13:20:00 [emerg] 1#1: unknown "loggable" variable
2024/07/04 13:20:46 [notice] 1#1: using the "epoll" event method
2024/07/04 13:20:46 [notice] 1#1: nginx/1.20.2
2024/07/04 13:20:46 [notice] 1#1: built by gcc 10.2.1 20210110 (Debian 10.2.1-6) 
2024/07/04 13:20:46 [notice] 1#1: OS: Linux 6.4.16-linuxkit
2024/07/04 13:20:46 [notice] 1#1: getrlimit(RLIMIT_NOFILE): 1048576:1048576
2024/07/04 13:20:46 [notice] 1#1: start worker processes
2024/07/04 13:20:46 [notice] 1#1: start worker process 30
2024/07/04 13:20:46 [notice] 1#1: start worker process 31
2024/07/04 13:20:46 [notice] 1#1: start worker process 32
2024/07/04 13:20:46 [notice] 1#1: start worker process 33
2024/07/04 13:20:46 [notice] 1#1: start worker process 34
2024/07/04 13:20:46 [notice] 1#1: start worker process 35
2024/07/04 13:20:46 [notice] 1#1: start worker process 36
2024/07/04 13:20:46 [notice] 1#1: start worker process 37
2024/07/04 13:20:46 [notice] 1#1: start worker process 38
2024/07/04 13:20:46 [notice] 1#1: start worker process 39
2024/07/04 13:20:46 [notice] 1#1: start worker process 40
2024/07/04 13:20:46 [notice] 1#1: start worker process 41
2024/07/04 13:20:46 [notice] 1#1: start worker process 42
2024/07/04 13:20:46 [notice] 1#1: start worker process 43
2024/07/04 13:20:46 [notice] 1#1: start worker process 44
2024/07/04 13:20:46 [notice] 1#1: start worker process 45
2024/07/04 13:28:09 [notice] 1#1: signal 3 (SIGQUIT) received, shutting down
2024/07/04 13:28:09 [notice] 30#30: gracefully shutting down
2024/07/04 13:28:09 [notice] 30#30: exiting
2024/07/04 13:28:09 [notice] 32#32: gracefully shutting down
2024/07/04 13:28:09 [notice] 31#31: gracefully shutting down
2024/07/04 13:28:09 [notice] 33#33: gracefully shutting down
2024/07/04 13:28:09 [notice] 35#35: gracefully shutting down
2024/07/04 13:28:09 [notice] 34#34: gracefully shutting down
2024/07/04 13:28:09 [notice] 37#37: gracefully shutting down
2024/07/04 13:28:09 [notice] 36#36: gracefully shutting down
2024/07/04 13:28:09 [notice] 36#36: exiting
2024/07/04 13:28:09 [notice] 39#39: gracefully shutting down
2024/07/04 13:28:09 [notice] 41#41: gracefully shutting down
2024/07/04 13:28:09 [notice] 38#38: gracefully shutting down
2024/07/04 13:28:09 [notice] 42#42: gracefully shutting down
2024/07/04 13:28:09 [notice] 40#40: gracefully shutting down
2024/07/04 13:28:09 [notice] 43#43: gracefully shutting down
2024/07/04 13:28:09 [notice] 44#44: gracefully shutting down
2024/07/04 13:28:09 [notice] 45#45: gracefully shutting down
2024/07/04 13:28:09 [notice] 30#30: exit
2024/07/04 13:28:09 [notice] 32#32: exiting
2024/07/04 13:28:09 [notice] 31#31: exiting
2024/07/04 13:28:09 [notice] 33#33: exiting
2024/07/04 13:28:09 [notice] 35#35: exiting
2024/07/04 13:28:09 [notice] 34#34: exiting
2024/07/04 13:28:09 [notice] 37#37: exiting
2024/07/04 13:28:09 [notice] 36#36: exit
2024/07/04 13:28:09 [notice] 39#39: exiting
2024/07/04 13:28:09 [notice] 41#41: exiting
2024/07/04 13:28:09 [notice] 38#38: exiting
2024/07/04 13:28:09 [notice] 42#42: exiting
2024/07/04 13:28:09 [notice] 40#40: exiting
2024/07/04 13:28:09 [notice] 43#43: exiting
2024/07/04 13:28:09 [notice] 44#44: exiting
2024/07/04 13:28:09 [notice] 44#44: exit
2024/07/04 13:28:09 [notice] 45#45: exiting
2024/07/04 13:28:09 [notice] 32#32: exit
2024/07/04 13:28:09 [notice] 31#31: exit
2024/07/04 13:28:09 [notice] 33#33: exit
2024/07/04 13:28:09 [notice] 35#35: exit
2024/07/04 13:28:09 [notice] 34#34: exit
2024/07/04 13:28:09 [notice] 37#37: exit
2024/07/04 13:28:09 [notice] 39#39: exit
2024/07/04 13:28:09 [notice] 41#41: exit
2024/07/04 13:28:09 [notice] 38#38: exit
2024/07/04 13:28:09 [notice] 42#42: exit
2024/07/04 13:28:09 [notice] 40#40: exit
2024/07/04 13:28:09 [notice] 43#43: exit
2024/07/04 13:28:09 [notice] 45#45: exit
2024/07/04 13:28:09 [notice] 1#1: signal 17 (SIGCHLD) received from 30
2024/07/04 13:28:09 [notice] 1#1: worker process 30 exited with code 0
2024/07/04 13:28:09 [notice] 1#1: signal 29 (SIGIO) received
2024/07/04 13:28:09 [notice] 1#1: signal 17 (SIGCHLD) received from 36
2024/07/04 13:28:09 [notice] 1#1: worker process 36 exited with code 0
2024/07/04 13:28:09 [notice] 1#1: signal 29 (SIGIO) received
2024/07/04 13:28:09 [notice] 1#1: signal 17 (SIGCHLD) received from 38
2024/07/04 13:28:09 [notice] 1#1: worker process 38 exited with code 0
2024/07/04 13:28:09 [notice] 1#1: worker process 44 exited with code 0
2024/07/04 13:28:09 [notice] 1#1: signal 29 (SIGIO) received
2024/07/04 13:28:09 [notice] 1#1: signal 17 (SIGCHLD) received from 44
2024/07/04 13:28:09 [notice] 1#1: worker process 37 exited with code 0
2024/07/04 13:28:09 [notice] 1#1: worker process 41 exited with code 0
2024/07/04 13:28:09 [notice] 1#1: signal 29 (SIGIO) received
2024/07/04 13:28:09 [notice] 1#1: signal 17 (SIGCHLD) received from 33
2024/07/04 13:28:09 [notice] 1#1: worker process 31 exited with code 0
2024/07/04 13:28:09 [notice] 1#1: worker process 33 exited with code 0
2024/07/04 13:28:09 [notice] 1#1: worker process 32 exited with code 0
2024/07/04 13:28:09 [notice] 1#1: worker process 35 exited with code 0
2024/07/04 13:28:09 [notice] 1#1: worker process 43 exited with code 0
2024/07/04 13:28:09 [notice] 1#1: signal 29 (SIGIO) received
2024/07/04 13:28:09 [notice] 1#1: signal 17 (SIGCHLD) received from 35
2024/07/04 13:28:09 [notice] 1#1: worker process 34 exited with code 0
2024/07/04 13:28:09 [notice] 1#1: worker process 39 exited with code 0
2024/07/04 13:28:09 [notice] 1#1: signal 29 (SIGIO) received
2024/07/04 13:28:09 [notice] 1#1: signal 17 (SIGCHLD) received from 40
2024/07/04 13:28:09 [notice] 1#1: worker process 40 exited with code 0
2024/07/04 13:28:09 [notice] 1#1: worker process 42 exited with code 0
2024/07/04 13:28:09 [notice] 1#1: worker process 45 exited with code 0
2024/07/04 13:28:09 [notice] 1#1: exit
2024/07/04 13:28:13 [notice] 1#1: using the "epoll" event method
2024/07/04 13:28:13 [notice] 1#1: nginx/1.20.2
2024/07/04 13:28:13 [notice] 1#1: built by gcc 10.2.1 20210110 (Debian 10.2.1-6) 
2024/07/04 13:28:13 [notice] 1#1: OS: Linux 6.4.16-linuxkit
2024/07/04 13:28:13 [notice] 1#1: getrlimit(RLIMIT_NOFILE): 1048576:1048576
2024/07/04 13:28:13 [notice] 1#1: start worker processes
2024/07/04 13:28:13 [notice] 1#1: start worker process 30
2024/07/04 13:28:13 [notice] 1#1: start worker process 31
2024/07/04 13:28:13 [notice] 1#1: start worker process 32
2024/07/04 13:28:13 [notice] 1#1: start worker process 33
2024/07/04 13:28:13 [notice] 1#1: start worker process 34
2024/07/04 13:28:13 [notice] 1#1: start worker process 35
2024/07/04 13:28:13 [notice] 1#1: start worker process 36
2024/07/04 13:28:13 [notice] 1#1: start worker process 37
2024/07/04 13:28:13 [notice] 1#1: start worker process 38
2024/07/04 13:28:13 [notice] 1#1: start worker process 39
2024/07/04 13:28:13 [notice] 1#1: start worker process 40
2024/07/04 13:28:13 [notice] 1#1: start worker process 41
2024/07/04 13:28:13 [notice] 1#1: start worker process 42
2024/07/04 13:28:13 [notice] 1#1: start worker process 43
2024/07/04 13:28:13 [notice] 1#1: start worker process 44
2024/07/04 13:28:13 [notice] 1#1: start worker process 45
2024/07/04 13:28:17 [error] 30#30: *1 directory index of "/var/www/test/backend/" is forbidden, client: 192.168.65.1, server: b2c.test, request: "GET / HTTP/1.1", host: "b2c.test"
2024/07/04 13:28:18 [error] 30#30: *1 directory index of "/var/www/test/backend/" is forbidden, client: 192.168.65.1, server: b2c.test, request: "GET / HTTP/1.1", host: "b2c.test"
2024/07/04 13:28:21 [error] 30#30: *1 directory index of "/var/www/test/backend/" is forbidden, client: 192.168.65.1, server: b2c.test, request: "GET / HTTP/1.1", host: "b2c.test"
2024/07/04 13:28:47 [notice] 1#1: signal 3 (SIGQUIT) received, shutting down
2024/07/04 13:28:47 [notice] 30#30: gracefully shutting down
2024/07/04 13:28:47 [notice] 33#33: gracefully shutting down
2024/07/04 13:28:47 [notice] 33#33: exiting
2024/07/04 13:28:47 [notice] 31#31: gracefully shutting down
2024/07/04 13:28:47 [notice] 34#34: gracefully shutting down
2024/07/04 13:28:47 [notice] 34#34: exiting
2024/07/04 13:28:47 [notice] 32#32: gracefully shutting down
2024/07/04 13:28:47 [notice] 32#32: exiting
2024/07/04 13:28:47 [notice] 38#38: gracefully shutting down
2024/07/04 13:28:47 [notice] 36#36: gracefully shutting down
2024/07/04 13:28:47 [notice] 35#35: gracefully shutting down
2024/07/04 13:28:47 [notice] 37#37: gracefully shutting down
2024/07/04 13:28:47 [notice] 40#40: gracefully shutting down
2024/07/04 13:28:47 [notice] 43#43: gracefully shutting down
2024/07/04 13:28:47 [notice] 39#39: gracefully shutting down
2024/07/04 13:28:47 [notice] 45#45: gracefully shutting down
2024/07/04 13:28:47 [notice] 41#41: gracefully shutting down
2024/07/04 13:28:47 [notice] 42#42: gracefully shutting down
2024/07/04 13:28:47 [notice] 44#44: gracefully shutting down
2024/07/04 13:28:47 [notice] 33#33: exit
2024/07/04 13:28:47 [notice] 31#31: exiting
2024/07/04 13:28:47 [notice] 34#34: exit
2024/07/04 13:28:47 [notice] 32#32: exit
2024/07/04 13:28:47 [notice] 38#38: exiting
2024/07/04 13:28:47 [notice] 36#36: exiting
2024/07/04 13:28:47 [notice] 35#35: exiting
2024/07/04 13:28:47 [notice] 37#37: exiting
2024/07/04 13:28:47 [notice] 40#40: exiting
2024/07/04 13:28:47 [notice] 43#43: exiting
2024/07/04 13:28:47 [notice] 39#39: exiting
2024/07/04 13:28:47 [notice] 45#45: exiting
2024/07/04 13:28:47 [notice] 41#41: exiting
2024/07/04 13:28:47 [notice] 42#42: exiting
2024/07/04 13:28:47 [notice] 44#44: exiting
2024/07/04 13:28:47 [notice] 31#31: exit
2024/07/04 13:28:47 [notice] 38#38: exit
2024/07/04 13:28:47 [notice] 36#36: exit
2024/07/04 13:28:47 [notice] 35#35: exit
2024/07/04 13:28:47 [notice] 37#37: exit
2024/07/04 13:28:47 [notice] 40#40: exit
2024/07/04 13:28:47 [notice] 43#43: exit
2024/07/04 13:28:47 [notice] 39#39: exit
2024/07/04 13:28:47 [notice] 45#45: exit
2024/07/04 13:28:47 [notice] 41#41: exit
2024/07/04 13:28:47 [notice] 42#42: exit
2024/07/04 13:28:47 [notice] 44#44: exit
2024/07/04 13:28:47 [notice] 1#1: signal 17 (SIGCHLD) received from 33
2024/07/04 13:28:47 [notice] 1#1: worker process 33 exited with code 0
2024/07/04 13:28:47 [notice] 1#1: signal 29 (SIGIO) received
2024/07/04 13:28:47 [notice] 1#1: signal 17 (SIGCHLD) received from 35
2024/07/04 13:28:47 [notice] 1#1: worker process 35 exited with code 0
2024/07/04 13:28:47 [notice] 1#1: worker process 38 exited with code 0
2024/07/04 13:28:47 [notice] 1#1: signal 29 (SIGIO) received
2024/07/04 13:28:47 [notice] 1#1: signal 17 (SIGCHLD) received from 38
2024/07/04 13:28:47 [notice] 1#1: worker process 34 exited with code 0
2024/07/04 13:28:47 [notice] 1#1: worker process 37 exited with code 0
2024/07/04 13:28:47 [notice] 1#1: signal 29 (SIGIO) received
2024/07/04 13:28:47 [notice] 1#1: signal 17 (SIGCHLD) received from 34
2024/07/04 13:28:47 [notice] 1#1: worker process 31 exited with code 0
2024/07/04 13:28:47 [notice] 1#1: worker process 32 exited with code 0
2024/07/04 13:28:47 [notice] 1#1: worker process 36 exited with code 0
2024/07/04 13:28:47 [notice] 1#1: worker process 42 exited with code 0
2024/07/04 13:28:47 [notice] 1#1: signal 29 (SIGIO) received
2024/07/04 13:28:47 [notice] 1#1: signal 17 (SIGCHLD) received from 40
2024/07/04 13:28:47 [notice] 1#1: worker process 39 exited with code 0
2024/07/04 13:28:47 [notice] 1#1: worker process 40 exited with code 0
2024/07/04 13:28:47 [notice] 1#1: worker process 43 exited with code 0
2024/07/04 13:28:47 [notice] 1#1: worker process 44 exited with code 0
2024/07/04 13:28:47 [notice] 1#1: worker process 45 exited with code 0
2024/07/04 13:28:47 [notice] 1#1: signal 29 (SIGIO) received
2024/07/04 13:28:47 [notice] 1#1: signal 17 (SIGCHLD) received from 41
2024/07/04 13:28:47 [notice] 1#1: worker process 41 exited with code 0
2024/07/04 13:28:47 [notice] 1#1: signal 29 (SIGIO) received
2024/07/04 13:28:56 [error] 30#30: *2 directory index of "/var/www/test/backend/" is forbidden, client: 192.168.65.1, server: b2c.test, request: "GET / HTTP/1.1", host: "b2c.test"
2024/07/04 13:28:56 [notice] 30#30: exiting
2024/07/04 13:28:56 [notice] 30#30: exit
2024/07/04 13:28:56 [notice] 1#1: signal 17 (SIGCHLD) received from 30
2024/07/04 13:28:56 [notice] 1#1: worker process 30 exited with code 0
2024/07/04 13:28:56 [notice] 1#1: exit
2024/07/04 13:29:19 [notice] 1#1: using the "epoll" event method
2024/07/04 13:29:19 [notice] 1#1: nginx/1.20.2
2024/07/04 13:29:19 [notice] 1#1: built by gcc 10.2.1 20210110 (Debian 10.2.1-6) 
2024/07/04 13:29:19 [notice] 1#1: OS: Linux 6.4.16-linuxkit
2024/07/04 13:29:19 [notice] 1#1: getrlimit(RLIMIT_NOFILE): 1048576:1048576
2024/07/04 13:29:19 [notice] 1#1: start worker processes
2024/07/04 13:29:19 [notice] 1#1: start worker process 30
2024/07/04 13:29:19 [notice] 1#1: start worker process 31
2024/07/04 13:29:19 [notice] 1#1: start worker process 32
2024/07/04 13:29:19 [notice] 1#1: start worker process 33
2024/07/04 13:29:19 [notice] 1#1: start worker process 34
2024/07/04 13:29:19 [notice] 1#1: start worker process 35
2024/07/04 13:29:19 [notice] 1#1: start worker process 36
2024/07/04 13:29:19 [notice] 1#1: start worker process 37
2024/07/04 13:29:19 [notice] 1#1: start worker process 38
2024/07/04 13:29:19 [notice] 1#1: start worker process 39
2024/07/04 13:29:19 [notice] 1#1: start worker process 40
2024/07/04 13:29:19 [notice] 1#1: start worker process 41
2024/07/04 13:29:19 [notice] 1#1: start worker process 42
2024/07/04 13:29:19 [notice] 1#1: start worker process 43
2024/07/04 13:29:19 [notice] 1#1: start worker process 44
2024/07/04 13:29:19 [notice] 1#1: start worker process 45
2024/07/04 13:29:22 [error] 30#30: *1 directory index of "/var/www/test/backend/" is forbidden, client: 192.168.65.1, server: test.server, request: "GET / HTTP/1.1", host: "test.server"
2024/07/04 13:29:22 [error] 30#30: *1 directory index of "/var/www/test/backend/" is forbidden, client: 192.168.65.1, server: test.server, request: "GET / HTTP/1.1", host: "test.server"
2024/07/04 13:29:23 [error] 30#30: *1 directory index of "/var/www/test/backend/" is forbidden, client: 192.168.65.1, server: test.server, request: "GET / HTTP/1.1", host: "test.server"
2024/07/04 13:29:23 [error] 30#30: *1 directory index of "/var/www/test/backend/" is forbidden, client: 192.168.65.1, server: test.server, request: "GET / HTTP/1.1", host: "test.server"
2024/07/04 13:29:49 [error] 30#30: *1 directory index of "/var/www/test/backend/" is forbidden, client: 192.168.65.1, server: test.server, request: "GET / HTTP/1.1", host: "test.server"
2024/07/04 13:29:49 [error] 30#30: *1 directory index of "/var/www/test/backend/" is forbidden, client: 192.168.65.1, server: test.server, request: "GET / HTTP/1.1", host: "test.server"
2024/07/04 13:29:54 [error] 30#30: *1 directory index of "/var/www/test/backend/" is forbidden, client: 192.168.65.1, server: test.server, request: "GET / HTTP/1.1", host: "test.server"
2024/07/04 13:29:54 [error] 30#30: *1 directory index of "/var/www/test/backend/" is forbidden, client: 192.168.65.1, server: test.server, request: "GET / HTTP/1.1", host: "test.server"
2024/07/04 13:29:55 [error] 30#30: *1 directory index of "/var/www/test/backend/" is forbidden, client: 192.168.65.1, server: test.server, request: "GET / HTTP/1.1", host: "test.server"
2024/07/04 13:29:55 [error] 30#30: *1 directory index of "/var/www/test/backend/" is forbidden, client: 192.168.65.1, server: test.server, request: "GET / HTTP/1.1", host: "test.server"
2024/07/04 13:30:21 [error] 30#30: *3 directory index of "/var/www/test/backend/" is forbidden, client: 192.168.65.1, server: test.server, request: "GET / HTTP/1.1", host: "b2c.test"
2024/07/04 13:30:23 [error] 30#30: *3 directory index of "/var/www/test/backend/" is forbidden, client: 192.168.65.1, server: test.server, request: "GET / HTTP/1.1", host: "b2c.test"
2024/07/04 13:31:29 [notice] 1#1: signal 3 (SIGQUIT) received, shutting down
2024/07/04 13:31:29 [notice] 31#31: gracefully shutting down
2024/07/04 13:31:29 [notice] 34#34: gracefully shutting down
2024/07/04 13:31:29 [notice] 34#34: exiting
2024/07/04 13:31:29 [notice] 37#37: gracefully shutting down
2024/07/04 13:31:29 [notice] 37#37: exiting
2024/07/04 13:31:29 [notice] 39#39: gracefully shutting down
2024/07/04 13:31:29 [notice] 39#39: exiting
2024/07/04 13:31:29 [notice] 38#38: gracefully shutting down
2024/07/04 13:31:29 [notice] 38#38: exiting
2024/07/04 13:31:29 [notice] 40#40: gracefully shutting down
2024/07/04 13:31:29 [notice] 44#44: gracefully shutting down
2024/07/04 13:31:29 [notice] 41#41: gracefully shutting down
2024/07/04 13:31:29 [notice] 42#42: gracefully shutting down
2024/07/04 13:31:29 [notice] 43#43: gracefully shutting down
2024/07/04 13:31:29 [notice] 32#32: gracefully shutting down
2024/07/04 13:31:29 [notice] 45#45: gracefully shutting down
2024/07/04 13:31:29 [notice] 36#36: gracefully shutting down
2024/07/04 13:31:29 [notice] 36#36: exiting
2024/07/04 13:31:29 [notice] 35#35: gracefully shutting down
2024/07/04 13:31:29 [notice] 30#30: gracefully shutting down
2024/07/04 13:31:29 [notice] 33#33: gracefully shutting down
2024/07/04 13:31:29 [notice] 31#31: exiting
2024/07/04 13:31:29 [notice] 34#34: exit
2024/07/04 13:31:29 [notice] 37#37: exit
2024/07/04 13:31:29 [notice] 39#39: exit
2024/07/04 13:31:29 [notice] 38#38: exit
2024/07/04 13:31:29 [notice] 40#40: exiting
2024/07/04 13:31:29 [notice] 44#44: exiting
2024/07/04 13:31:29 [notice] 41#41: exiting
2024/07/04 13:31:29 [notice] 42#42: exiting
2024/07/04 13:31:29 [notice] 43#43: exiting
2024/07/04 13:31:29 [notice] 32#32: exiting
2024/07/04 13:31:29 [notice] 45#45: exiting
2024/07/04 13:31:29 [notice] 36#36: exit
2024/07/04 13:31:29 [notice] 35#35: exiting
2024/07/04 13:31:29 [notice] 30#30: exiting
2024/07/04 13:31:29 [notice] 33#33: exiting
2024/07/04 13:31:29 [notice] 31#31: exit
2024/07/04 13:31:29 [notice] 40#40: exit
2024/07/04 13:31:29 [notice] 44#44: exit
2024/07/04 13:31:29 [notice] 41#41: exit
2024/07/04 13:31:29 [notice] 42#42: exit
2024/07/04 13:31:29 [notice] 43#43: exit
2024/07/04 13:31:29 [notice] 32#32: exit
2024/07/04 13:31:29 [notice] 45#45: exit
2024/07/04 13:31:29 [notice] 35#35: exit
2024/07/04 13:31:29 [notice] 30#30: exit
2024/07/04 13:31:29 [notice] 33#33: exit
2024/07/04 13:31:29 [notice] 1#1: signal 17 (SIGCHLD) received from 34
2024/07/04 13:31:29 [notice] 1#1: worker process 34 exited with code 0
2024/07/04 13:31:29 [notice] 1#1: signal 29 (SIGIO) received
2024/07/04 13:31:29 [notice] 1#1: signal 17 (SIGCHLD) received from 39
2024/07/04 13:31:29 [notice] 1#1: worker process 39 exited with code 0
2024/07/04 13:31:29 [notice] 1#1: worker process 37 exited with code 0
2024/07/04 13:31:29 [notice] 1#1: signal 29 (SIGIO) received
2024/07/04 13:31:29 [notice] 1#1: signal 17 (SIGCHLD) received from 37
2024/07/04 13:31:29 [notice] 1#1: signal 17 (SIGCHLD) received from 38
2024/07/04 13:31:29 [notice] 1#1: worker process 38 exited with code 0
2024/07/04 13:31:29 [notice] 1#1: signal 29 (SIGIO) received
2024/07/04 13:31:29 [notice] 1#1: signal 17 (SIGCHLD) received from 31
2024/07/04 13:31:29 [notice] 1#1: worker process 31 exited with code 0
2024/07/04 13:31:29 [notice] 1#1: worker process 36 exited with code 0
2024/07/04 13:31:29 [notice] 1#1: worker process 40 exited with code 0
2024/07/04 13:31:29 [notice] 1#1: signal 29 (SIGIO) received
2024/07/04 13:31:29 [notice] 1#1: signal 17 (SIGCHLD) received from 40
2024/07/04 13:31:29 [notice] 1#1: signal 17 (SIGCHLD) received from 44
2024/07/04 13:31:29 [notice] 1#1: worker process 35 exited with code 0
2024/07/04 13:31:29 [notice] 1#1: worker process 42 exited with code 0
2024/07/04 13:31:29 [notice] 1#1: worker process 44 exited with code 0
2024/07/04 13:31:29 [notice] 1#1: signal 29 (SIGIO) received
2024/07/04 13:31:29 [notice] 1#1: signal 17 (SIGCHLD) received from 35
2024/07/04 13:31:29 [notice] 1#1: worker process 30 exited with code 0
2024/07/04 13:31:29 [notice] 1#1: worker process 32 exited with code 0
2024/07/04 13:31:29 [notice] 1#1: worker process 41 exited with code 0
2024/07/04 13:31:29 [notice] 1#1: worker process 43 exited with code 0
2024/07/04 13:31:29 [notice] 1#1: worker process 45 exited with code 0
2024/07/04 13:31:29 [notice] 1#1: signal 29 (SIGIO) received
2024/07/04 13:31:29 [notice] 1#1: signal 17 (SIGCHLD) received from 43
2024/07/04 13:31:29 [notice] 1#1: signal 17 (SIGCHLD) received from 33
2024/07/04 13:31:29 [notice] 1#1: worker process 33 exited with code 0
2024/07/04 13:31:29 [notice] 1#1: exit
2024/07/04 13:31:41 [notice] 1#1: using the "epoll" event method
2024/07/04 13:31:41 [notice] 1#1: nginx/1.20.2
2024/07/04 13:31:41 [notice] 1#1: built by gcc 10.2.1 20210110 (Debian 10.2.1-6) 
2024/07/04 13:31:41 [notice] 1#1: OS: Linux 6.4.16-linuxkit
2024/07/04 13:31:41 [notice] 1#1: getrlimit(RLIMIT_NOFILE): 1048576:1048576
2024/07/04 13:31:41 [notice] 1#1: start worker processes
2024/07/04 13:31:41 [notice] 1#1: start worker process 30
2024/07/04 13:31:41 [notice] 1#1: start worker process 31
2024/07/04 13:31:41 [notice] 1#1: start worker process 32
2024/07/04 13:31:41 [notice] 1#1: start worker process 33
2024/07/04 13:31:41 [notice] 1#1: start worker process 34
2024/07/04 13:31:41 [notice] 1#1: start worker process 35
2024/07/04 13:31:41 [notice] 1#1: start worker process 36
2024/07/04 13:31:41 [notice] 1#1: start worker process 37
2024/07/04 13:31:41 [notice] 1#1: start worker process 38
2024/07/04 13:31:41 [notice] 1#1: start worker process 39
2024/07/04 13:31:41 [notice] 1#1: start worker process 40
2024/07/04 13:31:41 [notice] 1#1: start worker process 41
2024/07/04 13:31:41 [notice] 1#1: start worker process 42
2024/07/04 13:31:41 [notice] 1#1: start worker process 43
2024/07/04 13:31:41 [notice] 1#1: start worker process 44
2024/07/04 13:31:41 [notice] 1#1: start worker process 45
2024/07/04 13:31:47 [error] 30#30: *1 directory index of "/var/www/test/backend/" is forbidden, client: 192.168.65.1, server: test.server, request: "GET / HTTP/1.1", host: "b2c.test"
2024/07/04 13:31:48 [error] 30#30: *1 directory index of "/var/www/test/backend/" is forbidden, client: 192.168.65.1, server: test.server, request: "GET / HTTP/1.1", host: "b2c.test"
2024/07/04 13:31:48 [error] 30#30: *1 directory index of "/var/www/test/backend/" is forbidden, client: 192.168.65.1, server: test.server, request: "GET / HTTP/1.1", host: "b2c.test"
2024/07/04 13:31:48 [error] 30#30: *1 directory index of "/var/www/test/backend/" is forbidden, client: 192.168.65.1, server: test.server, request: "GET / HTTP/1.1", host: "b2c.test"
2024/07/04 13:32:38 [error] 30#30: *1 directory index of "/var/www/test/backend/" is forbidden, client: 192.168.65.1, server: test.server, request: "GET / HTTP/1.1", host: "b2c.test"
2024/07/04 13:32:46 [error] 30#30: *1 directory index of "/var/www/test/backend/" is forbidden, client: 192.168.65.1, server: test.server, request: "GET / HTTP/1.1", host: "b2c.test"
2024/07/04 13:36:56 [notice] 1#1: signal 3 (SIGQUIT) received, shutting down
2024/07/04 13:36:56 [notice] 30#30: gracefully shutting down
2024/07/04 13:36:56 [notice] 31#31: gracefully shutting down
2024/07/04 13:36:56 [notice] 32#32: gracefully shutting down
2024/07/04 13:36:56 [notice] 33#33: gracefully shutting down
2024/07/04 13:36:56 [notice] 34#34: gracefully shutting down
2024/07/04 13:36:56 [notice] 36#36: gracefully shutting down
2024/07/04 13:36:56 [notice] 35#35: gracefully shutting down
2024/07/04 13:36:56 [notice] 35#35: exiting
2024/07/04 13:36:56 [notice] 38#38: gracefully shutting down
2024/07/04 13:36:56 [notice] 37#37: gracefully shutting down
2024/07/04 13:36:56 [notice] 39#39: gracefully shutting down
2024/07/04 13:36:56 [notice] 41#41: gracefully shutting down
2024/07/04 13:36:56 [notice] 41#41: exiting
2024/07/04 13:36:56 [notice] 40#40: gracefully shutting down
2024/07/04 13:36:56 [notice] 42#42: gracefully shutting down
2024/07/04 13:36:56 [notice] 43#43: gracefully shutting down
2024/07/04 13:36:56 [notice] 44#44: gracefully shutting down
2024/07/04 13:36:56 [notice] 45#45: gracefully shutting down
2024/07/04 13:36:56 [notice] 30#30: exiting
2024/07/04 13:36:56 [notice] 31#31: exiting
2024/07/04 13:36:56 [notice] 32#32: exiting
2024/07/04 13:36:56 [notice] 33#33: exiting
2024/07/04 13:36:56 [notice] 34#34: exiting
2024/07/04 13:36:56 [notice] 36#36: exiting
2024/07/04 13:36:56 [notice] 36#36: exit
2024/07/04 13:36:56 [notice] 35#35: exit
2024/07/04 13:36:56 [notice] 38#38: exiting
2024/07/04 13:36:56 [notice] 37#37: exiting
2024/07/04 13:36:56 [notice] 39#39: exiting
2024/07/04 13:36:56 [notice] 41#41: exit
2024/07/04 13:36:56 [notice] 40#40: exiting
2024/07/04 13:36:56 [notice] 42#42: exiting
2024/07/04 13:36:56 [notice] 43#43: exiting
2024/07/04 13:36:56 [notice] 44#44: exiting
2024/07/04 13:36:56 [notice] 45#45: exiting
2024/07/04 13:36:56 [notice] 45#45: exit
2024/07/04 13:36:56 [notice] 30#30: exit
2024/07/04 13:36:56 [notice] 31#31: exit
2024/07/04 13:36:56 [notice] 32#32: exit
2024/07/04 13:36:56 [notice] 33#33: exit
2024/07/04 13:36:56 [notice] 34#34: exit
2024/07/04 13:36:56 [notice] 38#38: exit
2024/07/04 13:36:56 [notice] 37#37: exit
2024/07/04 13:36:56 [notice] 39#39: exit
2024/07/04 13:36:56 [notice] 40#40: exit
2024/07/04 13:36:56 [notice] 42#42: exit
2024/07/04 13:36:56 [notice] 43#43: exit
2024/07/04 13:36:56 [notice] 44#44: exit
2024/07/04 13:36:56 [notice] 1#1: signal 17 (SIGCHLD) received from 36
2024/07/04 13:36:56 [notice] 1#1: worker process 35 exited with code 0
2024/07/04 13:36:56 [notice] 1#1: worker process 36 exited with code 0
2024/07/04 13:36:56 [notice] 1#1: signal 29 (SIGIO) received
2024/07/04 13:36:56 [notice] 1#1: signal 17 (SIGCHLD) received from 45
2024/07/04 13:36:56 [notice] 1#1: worker process 38 exited with code 0
2024/07/04 13:36:56 [notice] 1#1: worker process 45 exited with code 0
2024/07/04 13:36:56 [notice] 1#1: signal 29 (SIGIO) received
2024/07/04 13:36:56 [notice] 1#1: signal 17 (SIGCHLD) received from 41
2024/07/04 13:36:56 [notice] 1#1: worker process 41 exited with code 0
2024/07/04 13:36:56 [notice] 1#1: signal 29 (SIGIO) received
2024/07/04 13:36:56 [notice] 1#1: signal 17 (SIGCHLD) received from 39
2024/07/04 13:36:56 [notice] 1#1: worker process 33 exited with code 0
2024/07/04 13:36:56 [notice] 1#1: worker process 39 exited with code 0
2024/07/04 13:36:56 [notice] 1#1: signal 29 (SIGIO) received
2024/07/04 13:36:56 [notice] 1#1: signal 17 (SIGCHLD) received from 33
2024/07/04 13:36:56 [notice] 1#1: worker process 31 exited with code 0
2024/07/04 13:36:56 [notice] 1#1: worker process 32 exited with code 0
2024/07/04 13:36:56 [notice] 1#1: worker process 34 exited with code 0
2024/07/04 13:36:56 [notice] 1#1: worker process 37 exited with code 0
2024/07/04 13:36:56 [notice] 1#1: signal 29 (SIGIO) received
2024/07/04 13:36:56 [notice] 1#1: signal 17 (SIGCHLD) received from 31
2024/07/04 13:36:56 [notice] 1#1: worker process 30 exited with code 0
2024/07/04 13:36:56 [notice] 1#1: worker process 40 exited with code 0
2024/07/04 13:36:56 [notice] 1#1: worker process 44 exited with code 0
2024/07/04 13:36:56 [notice] 1#1: signal 29 (SIGIO) received
2024/07/04 13:36:56 [notice] 1#1: signal 17 (SIGCHLD) received from 30
2024/07/04 13:36:56 [notice] 1#1: worker process 42 exited with code 0
2024/07/04 13:36:56 [notice] 1#1: worker process 43 exited with code 0
2024/07/04 13:36:56 [notice] 1#1: exit
2024/07/04 13:37:10 [notice] 1#1: using the "epoll" event method
2024/07/04 13:37:10 [notice] 1#1: nginx/1.20.2
2024/07/04 13:37:10 [notice] 1#1: built by gcc 10.2.1 20210110 (Debian 10.2.1-6) 
2024/07/04 13:37:10 [notice] 1#1: OS: Linux 6.4.16-linuxkit
2024/07/04 13:37:10 [notice] 1#1: getrlimit(RLIMIT_NOFILE): 1048576:1048576
2024/07/04 13:37:10 [notice] 1#1: start worker processes
2024/07/04 13:37:10 [notice] 1#1: start worker process 30
2024/07/04 13:37:10 [notice] 1#1: start worker process 31
2024/07/04 13:37:10 [notice] 1#1: start worker process 32
2024/07/04 13:37:10 [notice] 1#1: start worker process 33
2024/07/04 13:37:10 [notice] 1#1: start worker process 34
2024/07/04 13:37:10 [notice] 1#1: start worker process 35
2024/07/04 13:37:10 [notice] 1#1: start worker process 36
2024/07/04 13:37:10 [notice] 1#1: start worker process 37
2024/07/04 13:37:10 [notice] 1#1: start worker process 38
2024/07/04 13:37:10 [notice] 1#1: start worker process 39
2024/07/04 13:37:10 [notice] 1#1: start worker process 40
2024/07/04 13:37:10 [notice] 1#1: start worker process 41
2024/07/04 13:37:10 [notice] 1#1: start worker process 42
2024/07/04 13:37:10 [notice] 1#1: start worker process 43
2024/07/04 13:37:10 [notice] 1#1: start worker process 44
2024/07/04 13:37:10 [notice] 1#1: start worker process 45
2024/07/04 13:37:12 [error] 30#30: *1 directory index of "/var/www/test/backend/" is forbidden, client: 192.168.65.1, server: test.server, request: "GET / HTTP/1.1", host: "b2c.test"
2024/07/04 13:37:12 [error] 30#30: *1 directory index of "/var/www/test/backend/" is forbidden, client: 192.168.65.1, server: test.server, request: "GET / HTTP/1.1", host: "b2c.test"
2024/07/04 13:37:13 [error] 30#30: *1 directory index of "/var/www/test/backend/" is forbidden, client: 192.168.65.1, server: test.server, request: "GET / HTTP/1.1", host: "b2c.test"
2024/07/04 13:37:14 [error] 30#30: *1 directory index of "/var/www/test/backend/" is forbidden, client: 192.168.65.1, server: test.server, request: "GET / HTTP/1.1", host: "b2c.test"
2024/07/04 13:37:14 [error] 30#30: *1 directory index of "/var/www/test/backend/" is forbidden, client: 192.168.65.1, server: test.server, request: "GET / HTTP/1.1", host: "b2c.test"
2024/07/04 13:37:50 [notice] 1#1: signal 3 (SIGQUIT) received, shutting down
2024/07/04 13:37:50 [notice] 30#30: gracefully shutting down
2024/07/04 13:37:50 [notice] 31#31: gracefully shutting down
2024/07/04 13:37:50 [notice] 32#32: gracefully shutting down
2024/07/04 13:37:50 [notice] 36#36: gracefully shutting down
2024/07/04 13:37:50 [notice] 33#33: gracefully shutting down
2024/07/04 13:37:50 [notice] 39#39: gracefully shutting down
2024/07/04 13:37:50 [notice] 39#39: exiting
2024/07/04 13:37:50 [notice] 35#35: gracefully shutting down
2024/07/04 13:37:50 [notice] 35#35: exiting
2024/07/04 13:37:50 [notice] 37#37: gracefully shutting down
2024/07/04 13:37:50 [notice] 34#34: gracefully shutting down
2024/07/04 13:37:50 [notice] 44#44: gracefully shutting down
2024/07/04 13:37:50 [notice] 38#38: gracefully shutting down
2024/07/04 13:37:50 [notice] 40#40: gracefully shutting down
2024/07/04 13:37:50 [notice] 41#41: gracefully shutting down
2024/07/04 13:37:50 [notice] 41#41: exiting
2024/07/04 13:37:50 [notice] 42#42: gracefully shutting down
2024/07/04 13:37:50 [notice] 43#43: gracefully shutting down
2024/07/04 13:37:50 [notice] 45#45: gracefully shutting down
2024/07/04 13:37:50 [notice] 30#30: exiting
2024/07/04 13:37:50 [notice] 32#32: exiting
2024/07/04 13:37:50 [notice] 36#36: exiting
2024/07/04 13:37:50 [notice] 33#33: exiting
2024/07/04 13:37:50 [notice] 39#39: exit
2024/07/04 13:37:50 [notice] 35#35: exit
2024/07/04 13:37:50 [notice] 37#37: exiting
2024/07/04 13:37:50 [notice] 34#34: exiting
2024/07/04 13:37:50 [notice] 44#44: exiting
2024/07/04 13:37:50 [notice] 38#38: exiting
2024/07/04 13:37:50 [notice] 40#40: exiting
2024/07/04 13:37:50 [notice] 41#41: exit
2024/07/04 13:37:50 [notice] 42#42: exiting
2024/07/04 13:37:50 [notice] 43#43: exiting
2024/07/04 13:37:50 [notice] 45#45: exiting
2024/07/04 13:37:50 [notice] 30#30: exit
2024/07/04 13:37:50 [notice] 32#32: exit
2024/07/04 13:37:50 [notice] 36#36: exit
2024/07/04 13:37:50 [notice] 33#33: exit
2024/07/04 13:37:50 [notice] 37#37: exit
2024/07/04 13:37:50 [notice] 34#34: exit
2024/07/04 13:37:50 [notice] 44#44: exit
2024/07/04 13:37:50 [notice] 38#38: exit
2024/07/04 13:37:50 [notice] 40#40: exit
2024/07/04 13:37:50 [notice] 42#42: exit
2024/07/04 13:37:50 [notice] 43#43: exit
2024/07/04 13:37:50 [notice] 45#45: exit
2024/07/04 13:37:50 [notice] 1#1: signal 17 (SIGCHLD) received from 40
2024/07/04 13:37:50 [notice] 1#1: worker process 34 exited with code 0
2024/07/04 13:37:50 [notice] 1#1: worker process 35 exited with code 0
2024/07/04 13:37:50 [notice] 1#1: worker process 39 exited with code 0
2024/07/04 13:37:50 [notice] 1#1: worker process 40 exited with code 0
2024/07/04 13:37:50 [notice] 1#1: signal 29 (SIGIO) received
2024/07/04 13:37:50 [notice] 1#1: signal 17 (SIGCHLD) received from 36
2024/07/04 13:37:50 [notice] 1#1: worker process 32 exited with code 0
2024/07/04 13:37:50 [notice] 1#1: worker process 36 exited with code 0
2024/07/04 13:37:50 [notice] 1#1: worker process 30 exited with code 0
2024/07/04 13:37:50 [notice] 1#1: worker process 41 exited with code 0
2024/07/04 13:37:50 [notice] 1#1: worker process 42 exited with code 0
2024/07/04 13:37:50 [notice] 1#1: worker process 37 exited with code 0
2024/07/04 13:37:50 [notice] 1#1: worker process 43 exited with code 0
2024/07/04 13:37:50 [notice] 1#1: signal 29 (SIGIO) received
2024/07/04 13:37:50 [notice] 1#1: signal 17 (SIGCHLD) received from 30
2024/07/04 13:37:50 [notice] 1#1: worker process 33 exited with code 0
2024/07/04 13:37:50 [notice] 1#1: worker process 38 exited with code 0
2024/07/04 13:37:50 [notice] 1#1: worker process 44 exited with code 0
2024/07/04 13:37:50 [notice] 1#1: worker process 45 exited with code 0
2024/07/04 13:37:50 [notice] 1#1: signal 29 (SIGIO) received
2024/07/04 13:38:07 [notice] 1#1: using the "epoll" event method
2024/07/04 13:38:07 [notice] 1#1: nginx/1.20.2
2024/07/04 13:38:07 [notice] 1#1: built by gcc 10.2.1 20210110 (Debian 10.2.1-6) 
2024/07/04 13:38:07 [notice] 1#1: OS: Linux 6.4.16-linuxkit
2024/07/04 13:38:07 [notice] 1#1: getrlimit(RLIMIT_NOFILE): 1048576:1048576
2024/07/04 13:38:07 [notice] 1#1: start worker processes
2024/07/04 13:38:07 [notice] 1#1: start worker process 30
2024/07/04 13:38:07 [notice] 1#1: start worker process 31
2024/07/04 13:38:07 [notice] 1#1: start worker process 32
2024/07/04 13:38:07 [notice] 1#1: start worker process 33
2024/07/04 13:38:07 [notice] 1#1: start worker process 34
2024/07/04 13:38:07 [notice] 1#1: start worker process 35
2024/07/04 13:38:07 [notice] 1#1: start worker process 36
2024/07/04 13:38:07 [notice] 1#1: start worker process 37
2024/07/04 13:38:07 [notice] 1#1: start worker process 38
2024/07/04 13:38:07 [notice] 1#1: start worker process 39
2024/07/04 13:38:07 [notice] 1#1: start worker process 40
2024/07/04 13:38:07 [notice] 1#1: start worker process 41
2024/07/04 13:38:07 [notice] 1#1: start worker process 42
2024/07/04 13:38:07 [notice] 1#1: start worker process 43
2024/07/04 13:38:07 [notice] 1#1: start worker process 44
2024/07/04 13:38:07 [notice] 1#1: start worker process 45
2024/07/04 13:44:38 [notice] 1#1: signal 3 (SIGQUIT) received, shutting down
2024/07/04 13:44:38 [notice] 30#30: gracefully shutting down
2024/07/04 13:44:38 [notice] 31#31: gracefully shutting down
2024/07/04 13:44:38 [notice] 32#32: gracefully shutting down
2024/07/04 13:44:38 [notice] 33#33: gracefully shutting down
2024/07/04 13:44:38 [notice] 34#34: gracefully shutting down
2024/07/04 13:44:38 [notice] 36#36: gracefully shutting down
2024/07/04 13:44:38 [notice] 35#35: gracefully shutting down
2024/07/04 13:44:38 [notice] 37#37: gracefully shutting down
2024/07/04 13:44:38 [notice] 39#39: gracefully shutting down
2024/07/04 13:44:38 [notice] 40#40: gracefully shutting down
2024/07/04 13:44:38 [notice] 38#38: gracefully shutting down
2024/07/04 13:44:38 [notice] 41#41: gracefully shutting down
2024/07/04 13:44:38 [notice] 42#42: gracefully shutting down
2024/07/04 13:44:38 [notice] 44#44: gracefully shutting down
2024/07/04 13:44:38 [notice] 43#43: gracefully shutting down
2024/07/04 13:44:38 [notice] 45#45: gracefully shutting down
2024/07/04 13:44:38 [notice] 30#30: exiting
2024/07/04 13:44:38 [notice] 31#31: exiting
2024/07/04 13:44:38 [notice] 32#32: exiting
2024/07/04 13:44:38 [notice] 33#33: exiting
2024/07/04 13:44:38 [notice] 34#34: exiting
2024/07/04 13:44:38 [notice] 36#36: exiting
2024/07/04 13:44:38 [notice] 35#35: exiting
2024/07/04 13:44:38 [notice] 37#37: exiting
2024/07/04 13:44:38 [notice] 39#39: exiting
2024/07/04 13:44:38 [notice] 40#40: exiting
2024/07/04 13:44:38 [notice] 38#38: exiting
2024/07/04 13:44:38 [notice] 41#41: exiting
2024/07/04 13:44:38 [notice] 42#42: exiting
2024/07/04 13:44:38 [notice] 42#42: exit
2024/07/04 13:44:38 [notice] 44#44: exiting
2024/07/04 13:44:38 [notice] 43#43: exiting
2024/07/04 13:44:38 [notice] 45#45: exiting
2024/07/04 13:44:38 [notice] 30#30: exit
2024/07/04 13:44:38 [notice] 31#31: exit
2024/07/04 13:44:38 [notice] 32#32: exit
2024/07/04 13:44:38 [notice] 33#33: exit
2024/07/04 13:44:38 [notice] 34#34: exit
2024/07/04 13:44:38 [notice] 36#36: exit
2024/07/04 13:44:38 [notice] 35#35: exit
2024/07/04 13:44:38 [notice] 37#37: exit
2024/07/04 13:44:38 [notice] 39#39: exit
2024/07/04 13:44:38 [notice] 40#40: exit
2024/07/04 13:44:38 [notice] 38#38: exit
2024/07/04 13:44:38 [notice] 41#41: exit
2024/07/04 13:44:38 [notice] 44#44: exit
2024/07/04 13:44:38 [notice] 43#43: exit
2024/07/04 13:44:38 [notice] 45#45: exit
2024/07/04 13:44:38 [notice] 1#1: signal 17 (SIGCHLD) received from 42
2024/07/04 13:44:38 [notice] 1#1: worker process 42 exited with code 0
2024/07/04 13:44:38 [notice] 1#1: signal 29 (SIGIO) received
2024/07/04 13:44:38 [notice] 1#1: signal 17 (SIGCHLD) received from 31
2024/07/04 13:44:38 [notice] 1#1: worker process 31 exited with code 0
2024/07/04 13:44:38 [notice] 1#1: signal 29 (SIGIO) received
2024/07/04 13:44:38 [notice] 1#1: signal 17 (SIGCHLD) received from 32
2024/07/04 13:44:38 [notice] 1#1: worker process 30 exited with code 0
2024/07/04 13:44:38 [notice] 1#1: worker process 32 exited with code 0
2024/07/04 13:44:38 [notice] 1#1: worker process 33 exited with code 0
2024/07/04 13:44:38 [notice] 1#1: worker process 35 exited with code 0
2024/07/04 13:44:38 [notice] 1#1: worker process 38 exited with code 0
2024/07/04 13:44:38 [notice] 1#1: worker process 39 exited with code 0
2024/07/04 13:44:38 [notice] 1#1: signal 29 (SIGIO) received
2024/07/04 13:44:38 [notice] 1#1: signal 17 (SIGCHLD) received from 35
2024/07/04 13:44:38 [notice] 1#1: signal 17 (SIGCHLD) received from 36
2024/07/04 13:44:38 [notice] 1#1: worker process 34 exited with code 0
2024/07/04 13:44:38 [notice] 1#1: worker process 36 exited with code 0
2024/07/04 13:44:38 [notice] 1#1: worker process 37 exited with code 0
2024/07/04 13:44:38 [notice] 1#1: signal 29 (SIGIO) received
2024/07/04 13:44:38 [notice] 1#1: signal 17 (SIGCHLD) received from 34
2024/07/04 13:44:38 [notice] 1#1: signal 17 (SIGCHLD) received from 43
2024/07/04 13:44:38 [notice] 1#1: worker process 40 exited with code 0
2024/07/04 13:44:38 [notice] 1#1: worker process 43 exited with code 0
2024/07/04 13:44:38 [notice] 1#1: worker process 44 exited with code 0
2024/07/04 13:44:38 [notice] 1#1: signal 29 (SIGIO) received
2024/07/04 13:44:38 [notice] 1#1: signal 17 (SIGCHLD) received from 45
2024/07/04 13:44:38 [notice] 1#1: worker process 45 exited with code 0
2024/07/04 13:44:38 [notice] 1#1: worker process 41 exited with code 0
2024/07/04 13:44:38 [notice] 1#1: signal 17 (SIGCHLD) received from 41
2024/07/04 13:44:38 [notice] 1#1: exit
2024/07/04 13:45:07 [notice] 1#1: using the "epoll" event method
2024/07/04 13:45:07 [notice] 1#1: nginx/1.20.2
2024/07/04 13:45:07 [notice] 1#1: built by gcc 10.2.1 20210110 (Debian 10.2.1-6) 
2024/07/04 13:45:07 [notice] 1#1: OS: Linux 6.4.16-linuxkit
2024/07/04 13:45:07 [notice] 1#1: getrlimit(RLIMIT_NOFILE): 1048576:1048576
2024/07/04 13:45:07 [notice] 1#1: start worker processes
2024/07/04 13:45:07 [notice] 1#1: start worker process 30
2024/07/04 13:45:07 [notice] 1#1: start worker process 31
2024/07/04 13:45:07 [notice] 1#1: start worker process 32
2024/07/04 13:45:07 [notice] 1#1: start worker process 33
2024/07/04 13:45:07 [notice] 1#1: start worker process 34
2024/07/04 13:45:07 [notice] 1#1: start worker process 35
2024/07/04 13:45:07 [notice] 1#1: start worker process 36
2024/07/04 13:45:07 [notice] 1#1: start worker process 37
2024/07/04 13:45:07 [notice] 1#1: start worker process 38
2024/07/04 13:45:07 [notice] 1#1: start worker process 39
2024/07/04 13:45:07 [notice] 1#1: start worker process 40
2024/07/04 13:45:07 [notice] 1#1: start worker process 41
2024/07/04 13:45:07 [notice] 1#1: start worker process 42
2024/07/04 13:45:07 [notice] 1#1: start worker process 43
2024/07/04 13:45:07 [notice] 1#1: start worker process 44
2024/07/04 13:45:07 [notice] 1#1: start worker process 45
2024/07/04 13:50:10 [notice] 1#1: signal 3 (SIGQUIT) received, shutting down
2024/07/04 13:50:10 [notice] 30#30: gracefully shutting down
2024/07/04 13:50:10 [notice] 31#31: gracefully shutting down
2024/07/04 13:50:10 [notice] 32#32: gracefully shutting down
2024/07/04 13:50:10 [notice] 35#35: gracefully shutting down
2024/07/04 13:50:10 [notice] 33#33: gracefully shutting down
2024/07/04 13:50:10 [notice] 36#36: gracefully shutting down
2024/07/04 13:50:10 [notice] 36#36: exiting
2024/07/04 13:50:10 [notice] 39#39: gracefully shutting down
2024/07/04 13:50:10 [notice] 39#39: exiting
2024/07/04 13:50:10 [notice] 38#38: gracefully shutting down
2024/07/04 13:50:10 [notice] 40#40: gracefully shutting down
2024/07/04 13:50:10 [notice] 41#41: gracefully shutting down
2024/07/04 13:50:10 [notice] 34#34: gracefully shutting down
2024/07/04 13:50:10 [notice] 43#43: gracefully shutting down
2024/07/04 13:50:10 [notice] 44#44: gracefully shutting down
2024/07/04 13:50:10 [notice] 37#37: gracefully shutting down
2024/07/04 13:50:10 [notice] 42#42: gracefully shutting down
2024/07/04 13:50:10 [notice] 45#45: gracefully shutting down
2024/07/04 13:50:10 [notice] 30#30: exiting
2024/07/04 13:50:10 [notice] 31#31: exiting
2024/07/04 13:50:10 [notice] 32#32: exiting
2024/07/04 13:50:10 [notice] 35#35: exiting
2024/07/04 13:50:10 [notice] 33#33: exiting
2024/07/04 13:50:10 [notice] 36#36: exit
2024/07/04 13:50:10 [notice] 39#39: exit
2024/07/04 13:50:10 [notice] 38#38: exiting
2024/07/04 13:50:10 [notice] 38#38: exit
2024/07/04 13:50:10 [notice] 40#40: exiting
2024/07/04 13:50:10 [notice] 41#41: exiting
2024/07/04 13:50:10 [notice] 34#34: exiting
2024/07/04 13:50:10 [notice] 43#43: exiting
2024/07/04 13:50:10 [notice] 44#44: exiting
2024/07/04 13:50:10 [notice] 37#37: exiting
2024/07/04 13:50:10 [notice] 42#42: exiting
2024/07/04 13:50:10 [notice] 45#45: exiting
2024/07/04 13:50:10 [notice] 30#30: exit
2024/07/04 13:50:10 [notice] 31#31: exit
2024/07/04 13:50:10 [notice] 32#32: exit
2024/07/04 13:50:10 [notice] 35#35: exit
2024/07/04 13:50:10 [notice] 33#33: exit
2024/07/04 13:50:10 [notice] 40#40: exit
2024/07/04 13:50:10 [notice] 41#41: exit
2024/07/04 13:50:10 [notice] 34#34: exit
2024/07/04 13:50:10 [notice] 43#43: exit
2024/07/04 13:50:10 [notice] 44#44: exit
2024/07/04 13:50:10 [notice] 37#37: exit
2024/07/04 13:50:10 [notice] 42#42: exit
2024/07/04 13:50:10 [notice] 45#45: exit
2024/07/04 13:50:10 [notice] 1#1: signal 17 (SIGCHLD) received from 39
2024/07/04 13:50:10 [notice] 1#1: worker process 39 exited with code 0
2024/07/04 13:50:10 [notice] 1#1: worker process 36 exited with code 0
2024/07/04 13:50:10 [notice] 1#1: signal 29 (SIGIO) received
2024/07/04 13:50:10 [notice] 1#1: signal 17 (SIGCHLD) received from 36
2024/07/04 13:50:10 [notice] 1#1: worker process 38 exited with code 0
2024/07/04 13:50:10 [notice] 1#1: signal 29 (SIGIO) received
2024/07/04 13:50:10 [notice] 1#1: signal 17 (SIGCHLD) received from 31
2024/07/04 13:50:10 [notice] 1#1: worker process 31 exited with code 0
2024/07/04 13:50:10 [notice] 1#1: signal 29 (SIGIO) received
2024/07/04 13:50:10 [notice] 1#1: signal 17 (SIGCHLD) received from 32
2024/07/04 13:50:10 [notice] 1#1: worker process 30 exited with code 0
2024/07/04 13:50:10 [notice] 1#1: worker process 32 exited with code 0
2024/07/04 13:50:10 [notice] 1#1: worker process 33 exited with code 0
2024/07/04 13:50:10 [notice] 1#1: worker process 35 exited with code 0
2024/07/04 13:50:10 [notice] 1#1: worker process 40 exited with code 0
2024/07/04 13:50:10 [notice] 1#1: worker process 43 exited with code 0
2024/07/04 13:50:10 [notice] 1#1: signal 29 (SIGIO) received
2024/07/04 13:50:10 [notice] 1#1: signal 17 (SIGCHLD) received from 35
2024/07/04 13:50:10 [notice] 1#1: signal 17 (SIGCHLD) received from 45
2024/07/04 13:50:10 [notice] 1#1: worker process 37 exited with code 0
2024/07/04 13:50:10 [notice] 1#1: worker process 41 exited with code 0
2024/07/04 13:50:10 [notice] 1#1: worker process 45 exited with code 0
2024/07/04 13:50:10 [notice] 1#1: signal 29 (SIGIO) received
2024/07/04 13:50:10 [notice] 1#1: signal 17 (SIGCHLD) received from 37
2024/07/04 13:50:10 [notice] 1#1: signal 17 (SIGCHLD) received from 44
2024/07/04 13:50:10 [notice] 1#1: worker process 34 exited with code 0
2024/07/04 13:50:10 [notice] 1#1: worker process 42 exited with code 0
2024/07/04 13:50:10 [notice] 1#1: worker process 44 exited with code 0
2024/07/04 13:50:10 [notice] 1#1: exit
2024/07/04 13:52:23 [notice] 1#1: using the "epoll" event method
2024/07/04 13:52:23 [notice] 1#1: nginx/1.20.2
2024/07/04 13:52:23 [notice] 1#1: built by gcc 10.2.1 20210110 (Debian 10.2.1-6) 
2024/07/04 13:52:23 [notice] 1#1: OS: Linux 6.4.16-linuxkit
2024/07/04 13:52:23 [notice] 1#1: getrlimit(RLIMIT_NOFILE): 1048576:1048576
2024/07/04 13:52:23 [notice] 1#1: start worker processes
2024/07/04 13:52:23 [notice] 1#1: start worker process 30
2024/07/04 13:52:23 [notice] 1#1: start worker process 31
2024/07/04 13:52:23 [notice] 1#1: start worker process 32
2024/07/04 13:52:23 [notice] 1#1: start worker process 33
2024/07/04 13:52:23 [notice] 1#1: start worker process 34
2024/07/04 13:52:23 [notice] 1#1: start worker process 35
2024/07/04 13:52:23 [notice] 1#1: start worker process 36
2024/07/04 13:52:23 [notice] 1#1: start worker process 37
2024/07/04 13:52:23 [notice] 1#1: start worker process 38
2024/07/04 13:52:23 [notice] 1#1: start worker process 39
2024/07/04 13:52:23 [notice] 1#1: start worker process 40
2024/07/04 13:52:23 [notice] 1#1: start worker process 41
2024/07/04 13:52:23 [notice] 1#1: start worker process 42
2024/07/04 13:52:23 [notice] 1#1: start worker process 43
2024/07/04 13:52:23 [notice] 1#1: start worker process 44
2024/07/04 13:52:23 [notice] 1#1: start worker process 45
2024/07/04 13:52:29 [notice] 1#1: signal 3 (SIGQUIT) received, shutting down
2024/07/04 13:52:29 [notice] 30#30: gracefully shutting down
2024/07/04 13:52:29 [notice] 32#32: gracefully shutting down
2024/07/04 13:52:29 [notice] 31#31: gracefully shutting down
2024/07/04 13:52:29 [notice] 31#31: exiting
2024/07/04 13:52:29 [notice] 33#33: gracefully shutting down
2024/07/04 13:52:29 [notice] 34#34: gracefully shutting down
2024/07/04 13:52:29 [notice] 35#35: gracefully shutting down
2024/07/04 13:52:29 [notice] 38#38: gracefully shutting down
2024/07/04 13:52:29 [notice] 39#39: gracefully shutting down
2024/07/04 13:52:29 [notice] 39#39: exiting
2024/07/04 13:52:29 [notice] 40#40: gracefully shutting down
2024/07/04 13:52:29 [notice] 41#41: gracefully shutting down
2024/07/04 13:52:29 [notice] 41#41: exiting
2024/07/04 13:52:29 [notice] 43#43: gracefully shutting down
2024/07/04 13:52:29 [notice] 44#44: gracefully shutting down
2024/07/04 13:52:29 [notice] 45#45: gracefully shutting down
2024/07/04 13:52:29 [notice] 36#36: gracefully shutting down
2024/07/04 13:52:29 [notice] 37#37: gracefully shutting down
2024/07/04 13:52:29 [notice] 42#42: gracefully shutting down
2024/07/04 13:52:29 [notice] 30#30: exiting
2024/07/04 13:52:29 [notice] 32#32: exiting
2024/07/04 13:52:29 [notice] 31#31: exit
2024/07/04 13:52:29 [notice] 33#33: exiting
2024/07/04 13:52:29 [notice] 34#34: exiting
2024/07/04 13:52:29 [notice] 35#35: exiting
2024/07/04 13:52:29 [notice] 38#38: exiting
2024/07/04 13:52:29 [notice] 40#40: exiting
2024/07/04 13:52:29 [notice] 39#39: exit
2024/07/04 13:52:29 [notice] 41#41: exit
2024/07/04 13:52:29 [notice] 43#43: exiting
2024/07/04 13:52:29 [notice] 44#44: exiting
2024/07/04 13:52:29 [notice] 45#45: exiting
2024/07/04 13:52:29 [notice] 36#36: exiting
2024/07/04 13:52:29 [notice] 37#37: exiting
2024/07/04 13:52:29 [notice] 42#42: exiting
2024/07/04 13:52:29 [notice] 30#30: exit
2024/07/04 13:52:29 [notice] 32#32: exit
2024/07/04 13:52:29 [notice] 33#33: exit
2024/07/04 13:52:29 [notice] 34#34: exit
2024/07/04 13:52:29 [notice] 35#35: exit
2024/07/04 13:52:29 [notice] 38#38: exit
2024/07/04 13:52:29 [notice] 40#40: exit
2024/07/04 13:52:29 [notice] 43#43: exit
2024/07/04 13:52:29 [notice] 44#44: exit
2024/07/04 13:52:29 [notice] 45#45: exit
2024/07/04 13:52:29 [notice] 36#36: exit
2024/07/04 13:52:29 [notice] 37#37: exit
2024/07/04 13:52:29 [notice] 42#42: exit
2024/07/04 13:52:29 [notice] 1#1: signal 17 (SIGCHLD) received from 31
2024/07/04 13:52:29 [notice] 1#1: worker process 31 exited with code 0
2024/07/04 13:52:29 [notice] 1#1: signal 29 (SIGIO) received
2024/07/04 13:52:29 [notice] 1#1: signal 17 (SIGCHLD) received from 39
2024/07/04 13:52:29 [notice] 1#1: worker process 39 exited with code 0
2024/07/04 13:52:29 [notice] 1#1: worker process 34 exited with code 0
2024/07/04 13:52:29 [notice] 1#1: signal 29 (SIGIO) received
2024/07/04 13:52:29 [notice] 1#1: signal 17 (SIGCHLD) received from 34
2024/07/04 13:52:29 [notice] 1#1: worker process 32 exited with code 0
2024/07/04 13:52:29 [notice] 1#1: worker process 33 exited with code 0
2024/07/04 13:52:29 [notice] 1#1: worker process 35 exited with code 0
2024/07/04 13:52:29 [notice] 1#1: worker process 41 exited with code 0
2024/07/04 13:52:29 [notice] 1#1: signal 29 (SIGIO) received
2024/07/04 13:52:29 [notice] 1#1: signal 17 (SIGCHLD) received from 38
2024/07/04 13:52:29 [notice] 1#1: worker process 36 exited with code 0
2024/07/04 13:52:29 [notice] 1#1: worker process 38 exited with code 0
2024/07/04 13:52:29 [notice] 1#1: signal 29 (SIGIO) received
2024/07/04 13:52:29 [notice] 1#1: signal 17 (SIGCHLD) received from 30
2024/07/04 13:52:29 [notice] 1#1: worker process 30 exited with code 0
2024/07/04 13:52:29 [notice] 1#1: signal 29 (SIGIO) received
2024/07/04 13:52:29 [notice] 1#1: signal 17 (SIGCHLD) received from 40
2024/07/04 13:52:29 [notice] 1#1: worker process 40 exited with code 0
2024/07/04 13:52:29 [notice] 1#1: worker process 44 exited with code 0
2024/07/04 13:52:29 [notice] 1#1: worker process 37 exited with code 0
2024/07/04 13:52:29 [notice] 1#1: signal 17 (SIGCHLD) received from 37
2024/07/04 13:52:29 [notice] 1#1: signal 29 (SIGIO) received
2024/07/04 13:52:29 [notice] 1#1: signal 17 (SIGCHLD) received from 45
2024/07/04 13:52:29 [notice] 1#1: worker process 42 exited with code 0
2024/07/04 13:52:29 [notice] 1#1: worker process 43 exited with code 0
2024/07/04 13:52:29 [notice] 1#1: worker process 45 exited with code 0
2024/07/04 13:52:29 [notice] 1#1: exit
2024/07/04 13:55:30 [notice] 1#1: using the "epoll" event method
2024/07/04 13:55:30 [notice] 1#1: nginx/1.20.2
2024/07/04 13:55:30 [notice] 1#1: built by gcc 10.2.1 20210110 (Debian 10.2.1-6) 
2024/07/04 13:55:30 [notice] 1#1: OS: Linux 6.4.16-linuxkit
2024/07/04 13:55:30 [notice] 1#1: getrlimit(RLIMIT_NOFILE): 1048576:1048576
2024/07/04 13:55:30 [notice] 1#1: start worker processes
2024/07/04 13:55:30 [notice] 1#1: start worker process 30
2024/07/04 13:55:30 [notice] 1#1: start worker process 31
2024/07/04 13:55:30 [notice] 1#1: start worker process 32
2024/07/04 13:55:30 [notice] 1#1: start worker process 33
2024/07/04 13:55:30 [notice] 1#1: start worker process 34
2024/07/04 13:55:30 [notice] 1#1: start worker process 35
2024/07/04 13:55:30 [notice] 1#1: start worker process 36
2024/07/04 13:55:30 [notice] 1#1: start worker process 37
2024/07/04 13:55:30 [notice] 1#1: start worker process 38
2024/07/04 13:55:30 [notice] 1#1: start worker process 39
2024/07/04 13:55:30 [notice] 1#1: start worker process 40
2024/07/04 13:55:30 [notice] 1#1: start worker process 41
2024/07/04 13:55:30 [notice] 1#1: start worker process 42
2024/07/04 13:55:30 [notice] 1#1: start worker process 43
2024/07/04 13:55:30 [notice] 1#1: start worker process 44
2024/07/04 13:55:30 [notice] 1#1: start worker process 45
2024/07/05 07:11:23 [notice] 1#1: signal 3 (SIGQUIT) received, shutting down
2024/07/05 07:11:23 [notice] 30#30: gracefully shutting down
2024/07/05 07:11:23 [notice] 31#31: gracefully shutting down
2024/07/05 07:11:23 [notice] 31#31: exiting
2024/07/05 07:11:23 [notice] 32#32: gracefully shutting down
2024/07/05 07:11:23 [notice] 33#33: gracefully shutting down
2024/07/05 07:11:23 [notice] 30#30: exiting
2024/07/05 07:11:23 [notice] 30#30: exit
2024/07/05 07:11:23 [notice] 34#34: gracefully shutting down
2024/07/05 07:11:23 [notice] 35#35: gracefully shutting down
2024/07/05 07:11:23 [notice] 36#36: gracefully shutting down
2024/07/05 07:11:23 [notice] 36#36: exiting
2024/07/05 07:11:23 [notice] 38#38: gracefully shutting down
2024/07/05 07:11:23 [notice] 39#39: gracefully shutting down
2024/07/05 07:11:23 [notice] 41#41: gracefully shutting down
2024/07/05 07:11:23 [notice] 31#31: exit
2024/07/05 07:11:23 [notice] 43#43: gracefully shutting down
2024/07/05 07:11:23 [notice] 43#43: exiting
2024/07/05 07:11:23 [notice] 44#44: gracefully shutting down
2024/07/05 07:11:23 [notice] 42#42: gracefully shutting down
2024/07/05 07:11:23 [notice] 42#42: exiting
2024/07/05 07:11:23 [notice] 45#45: gracefully shutting down
2024/07/05 07:11:23 [notice] 37#37: gracefully shutting down
2024/07/05 07:11:23 [notice] 37#37: exiting
2024/07/05 07:11:23 [notice] 40#40: gracefully shutting down
2024/07/05 07:11:23 [notice] 32#32: exiting
2024/07/05 07:11:23 [notice] 33#33: exiting
2024/07/05 07:11:23 [notice] 34#34: exiting
2024/07/05 07:11:23 [notice] 35#35: exiting
2024/07/05 07:11:23 [notice] 36#36: exit
2024/07/05 07:11:23 [notice] 38#38: exiting
2024/07/05 07:11:23 [notice] 39#39: exiting
2024/07/05 07:11:23 [notice] 41#41: exiting
2024/07/05 07:11:23 [notice] 1#1: signal 17 (SIGCHLD) received from 30
2024/07/05 07:11:23 [notice] 43#43: exit
2024/07/05 07:11:23 [notice] 44#44: exiting
2024/07/05 07:11:23 [notice] 42#42: exit
2024/07/05 07:11:23 [notice] 45#45: exiting
2024/07/05 07:11:23 [notice] 37#37: exit
2024/07/05 07:11:23 [notice] 40#40: exiting
2024/07/05 07:11:23 [notice] 32#32: exit
2024/07/05 07:11:23 [notice] 33#33: exit
2024/07/05 07:11:23 [notice] 34#34: exit
2024/07/05 07:11:23 [notice] 35#35: exit
2024/07/05 07:11:23 [notice] 38#38: exit
2024/07/05 07:11:23 [notice] 39#39: exit
2024/07/05 07:11:23 [notice] 41#41: exit
2024/07/05 07:11:23 [notice] 1#1: worker process 30 exited with code 0
2024/07/05 07:11:23 [notice] 1#1: worker process 31 exited with code 0
2024/07/05 07:11:23 [notice] 44#44: exit
2024/07/05 07:11:23 [notice] 45#45: exit
2024/07/05 07:11:23 [notice] 40#40: exit
2024/07/05 07:11:23 [notice] 1#1: signal 29 (SIGIO) received
2024/07/05 07:11:23 [notice] 1#1: signal 17 (SIGCHLD) received from 31
2024/07/05 07:11:23 [notice] 1#1: signal 17 (SIGCHLD) received from 36
2024/07/05 07:11:23 [notice] 1#1: worker process 36 exited with code 0
2024/07/05 07:11:23 [notice] 1#1: signal 29 (SIGIO) received
2024/07/05 07:11:23 [notice] 1#1: signal 17 (SIGCHLD) received from 42
2024/07/05 07:11:23 [notice] 1#1: worker process 42 exited with code 0
2024/07/05 07:11:23 [notice] 1#1: signal 29 (SIGIO) received
2024/07/05 07:11:23 [notice] 1#1: signal 17 (SIGCHLD) received from 35
2024/07/05 07:11:23 [notice] 1#1: worker process 35 exited with code 0
2024/07/05 07:11:23 [notice] 1#1: signal 29 (SIGIO) received
2024/07/05 07:11:23 [notice] 1#1: signal 17 (SIGCHLD) received from 43
2024/07/05 07:11:23 [notice] 1#1: worker process 32 exited with code 0
2024/07/05 07:11:23 [notice] 1#1: worker process 43 exited with code 0
2024/07/05 07:11:23 [notice] 1#1: signal 29 (SIGIO) received
2024/07/05 07:11:23 [notice] 1#1: signal 17 (SIGCHLD) received from 32
2024/07/05 07:11:23 [notice] 1#1: worker process 34 exited with code 0
2024/07/05 07:11:23 [notice] 1#1: worker process 37 exited with code 0
2024/07/05 07:11:23 [notice] 1#1: worker process 41 exited with code 0
2024/07/05 07:11:23 [notice] 1#1: worker process 45 exited with code 0
2024/07/05 07:11:23 [notice] 1#1: signal 29 (SIGIO) received
2024/07/05 07:11:23 [notice] 1#1: signal 17 (SIGCHLD) received from 34
2024/07/05 07:11:23 [notice] 1#1: worker process 33 exited with code 0
2024/07/05 07:11:23 [notice] 1#1: worker process 38 exited with code 0
2024/07/05 07:11:23 [notice] 1#1: worker process 39 exited with code 0
2024/07/05 07:11:23 [notice] 1#1: worker process 44 exited with code 0
2024/07/05 07:11:23 [notice] 1#1: signal 29 (SIGIO) received
2024/07/05 07:11:23 [notice] 1#1: signal 17 (SIGCHLD) received from 40
2024/07/05 07:11:23 [notice] 1#1: worker process 40 exited with code 0
2024/07/05 07:11:23 [notice] 1#1: exit
2024/07/05 08:38:05 [notice] 1#1: using the "epoll" event method
2024/07/05 08:38:05 [notice] 1#1: nginx/1.20.2
2024/07/05 08:38:05 [notice] 1#1: built by gcc 10.2.1 20210110 (Debian 10.2.1-6) 
2024/07/05 08:38:05 [notice] 1#1: OS: Linux 6.4.16-linuxkit
2024/07/05 08:38:05 [notice] 1#1: getrlimit(RLIMIT_NOFILE): 1048576:1048576
2024/07/05 08:38:05 [notice] 1#1: start worker processes
2024/07/05 08:38:05 [notice] 1#1: start worker process 30
2024/07/05 08:38:05 [notice] 1#1: start worker process 31
2024/07/05 08:38:05 [notice] 1#1: start worker process 32
2024/07/05 08:38:05 [notice] 1#1: start worker process 33
2024/07/05 08:38:05 [notice] 1#1: start worker process 34
2024/07/05 08:38:05 [notice] 1#1: start worker process 35
2024/07/05 08:38:05 [notice] 1#1: start worker process 36
2024/07/05 08:38:05 [notice] 1#1: start worker process 37
2024/07/05 08:38:05 [notice] 1#1: start worker process 38
2024/07/05 08:38:05 [notice] 1#1: start worker process 39
2024/07/05 08:38:05 [notice] 1#1: start worker process 40
2024/07/05 08:38:05 [notice] 1#1: start worker process 41
2024/07/05 08:38:05 [notice] 1#1: start worker process 42
2024/07/05 08:38:05 [notice] 1#1: start worker process 43
2024/07/05 08:38:05 [notice] 1#1: start worker process 44
2024/07/05 08:38:05 [notice] 1#1: start worker process 45
2024/07/08 21:12:08 [error] 30#30: *609 upstream timed out (110: Connection timed out) while reading response header from upstream, client: 192.168.65.1, server: test.server, request: "GET /api/v1/articles/ HTTP/1.1", upstream: "fastcgi://172.26.0.2:9000", host: "test.server"
